#
# A fatal error has been detected by the Java Runtime Environment:
#
#  EXCEPTION_ACCESS_VIOLATION (0xc0000005) at pc=0x00000000067222c0, pid=13900, tid=0x0000000000000d98
#
# JRE version: Java(TM) SE Runtime Environment (8.0_201-b09) (build 1.8.0_201-b09)
# Java VM: Java HotSpot(TM) 64-Bit Server VM (25.201-b09 mixed mode windows-amd64 compressed oops)
# Problematic frame:
# C  0x00000000067222c0
#
# Failed to write core dump. Minidumps are not enabled by default on client versions of Windows
#
# If you would like to submit a bug report, please visit:
#   http://bugreport.java.com/bugreport/crash.jsp
#

---------------  T H R E A D  ---------------

Current thread (0x0000000014eb7000):  VMThread [stack: 0x0000000015f40000,0x0000000016040000] [id=3480]

siginfo: ExceptionCode=0xc0000005, ExceptionInformation=0x0000000000000008 0x00000000067222c0

Registers:
RAX=0x000000000261f801, RBX=0x0000000000000000, RCX=0xd6b188bef63a0000, RDX=0x00000000566f32f0
RSP=0x000000001603ee18, RBP=0x000000001603eff0, RSI=0x0000000000000004, RDI=0x000000001603ee80
R8 =0x000000000266e310, R9 =0x00000000028208da, R10=0x000000001603e840, R11=0x000000000261f7b0
R12=0x0000000056e5ce00, R13=0x0000000000000000, R14=0x0000000056cdb140, R15=0x0000000056e5ce80
RIP=0x00000000067222c0, EFLAGS=0x0000000000010246

Top of Stack: (sp=0x000000001603ee18)
0x000000001603ee18:   00000000566f3341 0000000002816110
0x000000001603ee28:   0000000000000004 000000001603ee80
0x000000001603ee38:   0000000000000000 0000000000000000
0x000000001603ee48:   00000000566e3afa 0000000000000000
0x000000001603ee58:   0000000056ccd9f8 000000001603efd8
0x000000001603ee68:   00000000566a5a7f 0000000056e5cf50
0x000000001603ee78:   00000000566e41bf 0000000000000002
0x000000001603ee88:   0000000056ccd9f8 0000000002816110
0x000000001603ee98:   000000005690e7fd 0000000056cdb140
0x000000001603eea8:   0000000000000000 0000000056e5cef0
0x000000001603eeb8:   00000000566f9982 0000000056e5cf50
0x000000001603eec8:   000000001603eff0 0000000000000004
0x000000001603eed8:   0000000000000000 0000000000000000
0x000000001603eee8:   0000000056a81e62 0000000014dc5520
0x000000001603eef8:   0000000000000004 0000000014dc5520
0x000000001603ef08:   0000000000000004 0000000056e5ce80 

Instructions: (pc=0x00000000067222c0)
0x00000000067222a0:   
[error occurred during error reporting (printing registers, top of stack, instructions near pc), id 0xc0000005]

Register to memory mapping:

RAX=0x000000000261f801 is pointing into the stack for thread: 0x000000000281e800
RBX=0x0000000000000000 is an unknown value
RCX=0xd6b188bef63a0000 is an unknown value
RDX=0x00000000566f32f0 is an unknown value
RSP=0x000000001603ee18 is an unknown value
RBP=0x000000001603eff0 is an unknown value
RSI=0x0000000000000004 is an unknown value
RDI=0x000000001603ee80 is an unknown value
R8 =0x000000000266e310 is an unknown value
R9 =0x00000000028208da is at begin+179 in a stub
StubRoutines::call_stub [0x0000000002820827, 0x000000000282098b[ (356 bytes)
R10=0x000000001603e840 is an unknown value
R11=0x000000000261f7b0 is pointing into the stack for thread: 0x000000000281e800
R12=0x0000000056e5ce00 is an unknown value
R13=0x0000000000000000 is an unknown value
R14=0x0000000056cdb140 is an unknown value
R15=0x0000000056e5ce80 is an unknown value


Stack: [0x0000000015f40000,0x0000000016040000],  sp=0x000000001603ee18,  free space=1019k
Native frames: (J=compiled Java code, j=interpreted, Vv=VM code, C=native code)
C  0x00000000067222c0

VM_Operation (0x00000000193787e0): CollectForMetadataAllocation, mode: safepoint, requested by thread 0x0000000017eba000


---------------  P R O C E S S  ---------------

Java Threads: ( => current thread )
  0x0000000017f5f000 JavaThread "Cache worker for journal cache (C:\Users\FAHAD\.gradle\caches\journal-1)" [_thread_blocked, id=4672, stack(0x000000001d400000,0x000000001d500000)]
  0x0000000017f61800 JavaThread "Cache worker for file hash cache (D:\OA\project\quizapp\android\.gradle\4.10.1\fileHashes)" [_thread_blocked, id=10188, stack(0x000000001bb50000,0x000000001bc50000)]
  0x0000000017f5d000 JavaThread "File lock request listener" [_thread_in_native, id=2740, stack(0x000000001b820000,0x000000001b920000)]
  0x0000000017f5e800 JavaThread "Cache worker for file hash cache (C:\Users\FAHAD\.gradle\caches\4.10.1\fileHashes)" [_thread_blocked, id=8372, stack(0x000000001b720000,0x000000001b820000)]
  0x0000000017bd7800 JavaThread "Stdin handler" [_thread_blocked, id=1708, stack(0x0000000019480000,0x0000000019580000)]
  0x0000000017ec6000 JavaThread "Asynchronous log dispatcher for DefaultDaemonConnection: socket connection from /127.0.0.1:50658 to /127.0.0.1:50659" [_thread_blocked, id=8900, stack(0x0000000019380000,0x0000000019480000)]
  0x0000000017eba000 JavaThread "Daemon worker" [_thread_blocked, id=8588, stack(0x0000000019280000,0x0000000019380000)]
  0x0000000017eb5000 JavaThread "Cancel handler" [_thread_blocked, id=14856, stack(0x0000000019180000,0x0000000019280000)]
  0x0000000017eb4800 JavaThread "Handler for socket connection from /127.0.0.1:50658 to /127.0.0.1:50659" [_thread_in_native, id=11168, stack(0x0000000019080000,0x0000000019180000)]
  0x0000000017ed7000 JavaThread "Daemon" [_thread_blocked, id=15288, stack(0x0000000018f80000,0x0000000019080000)]
  0x0000000014f44800 JavaThread "Daemon periodic checks" [_thread_blocked, id=14560, stack(0x0000000018e80000,0x0000000018f80000)]
  0x00000000174e0800 JavaThread "Incoming local TCP Connector on port 50658" [_thread_in_native, id=14848, stack(0x0000000018c40000,0x0000000018d40000)]
  0x00000000169e0000 JavaThread "Daemon health stats" [_thread_blocked, id=16124, stack(0x0000000018600000,0x0000000018700000)]
  0x0000000014f4d800 JavaThread "Service Thread" daemon [_thread_blocked, id=5684, stack(0x0000000016c30000,0x0000000016d30000)]
  0x0000000014f04000 JavaThread "C1 CompilerThread2" daemon [_thread_blocked, id=10528, stack(0x0000000016730000,0x0000000016830000)]
  0x0000000014eff800 JavaThread "C2 CompilerThread1" daemon [_thread_blocked, id=12400, stack(0x0000000016630000,0x0000000016730000)]
  0x0000000014ef6000 JavaThread "C2 CompilerThread0" daemon [_thread_blocked, id=10292, stack(0x0000000016530000,0x0000000016630000)]
  0x0000000014ef4800 JavaThread "Attach Listener" daemon [_thread_blocked, id=14864, stack(0x0000000016430000,0x0000000016530000)]
  0x0000000014ef3000 JavaThread "Signal Dispatcher" daemon [_thread_blocked, id=4428, stack(0x0000000016330000,0x0000000016430000)]
  0x000000000274a800 JavaThread "Finalizer" daemon [_thread_blocked, id=16336, stack(0x0000000016140000,0x0000000016240000)]
  0x0000000002741800 JavaThread "Reference Handler" daemon [_thread_blocked, id=13340, stack(0x0000000016040000,0x0000000016140000)]
  0x000000000281e800 JavaThread "main" [_thread_blocked, id=2196, stack(0x0000000002520000,0x0000000002620000)]

Other Threads:
=>0x0000000014eb7000 VMThread [stack: 0x0000000015f40000,0x0000000016040000] [id=3480]
  0x000000001685b000 WatcherThread [stack: 0x0000000016d30000,0x0000000016e30000] [id=15472]

VM state:at safepoint (normal execution)

VM Mutex/Monitor currently owned by a thread:  ([mutex/lock_event])
[0x000000000281d360] Threads_lock - owner thread: 0x0000000014eb7000
[0x000000000281ca60] Heap_lock - owner thread: 0x0000000017eba000

heap address: 0x00000000c0000000, size: 1024 MB, Compressed Oops mode: 32-bit
Narrow klass base: 0x0000000000000000, Narrow klass shift: 3
Compressed class space size: 1073741824 Address: 0x0000000100000000

Heap:
 PSYoungGen      total 37888K, used 5092K [0x00000000eab00000, 0x00000000ee000000, 0x0000000100000000)
  eden space 32768K, 0% used [0x00000000eab00000,0x00000000eab00000,0x00000000ecb00000)
  from space 5120K, 99% used [0x00000000ecb80000,0x00000000ed079050,0x00000000ed080000)
  to   space 10752K, 0% used [0x00000000ed580000,0x00000000ed580000,0x00000000ee000000)
 ParOldGen       total 87552K, used 8611K [0x00000000c0000000, 0x00000000c5580000, 0x00000000eab00000)
  object space 87552K, 9% used [0x00000000c0000000,0x00000000c0868ed8,0x00000000c5580000)
 Metaspace       used 20897K, capacity 21166K, committed 21296K, reserved 1067008K
  class space    used 2990K, capacity 3099K, committed 3120K, reserved 1048576K

Card table byte_map: [0x0000000011be0000,0x0000000011df0000] byte_map_base: 0x00000000115e0000

Marking Bits: (ParMarkBitMap*) 0x0000000056ea4ce0
 Begin Bits: [0x0000000012350000, 0x0000000013350000)
 End Bits:   [0x0000000013350000, 0x0000000014350000)

Polling page: 0x0000000002630000

CodeCache: size=245760Kb used=5249Kb max_used=5255Kb free=240510Kb
 bounds [0x0000000002820000, 0x0000000002d50000, 0x0000000011820000]
 total_blobs=1930 nmethods=1521 adapters=321
 compilation: enabled

Compilation events (10 events):
Event: 34.442 Thread 0x0000000014f04000 1660       1       org.codehaus.groovy.runtime.metaclass.NewMetaMethod::getBytecodeParameterTypes (5 bytes)
Event: 34.442 Thread 0x0000000014f04000 nmethod 1660 0x0000000002d45d10 code [0x0000000002d45e60, 0x0000000002d45f70]
Event: 34.442 Thread 0x0000000014f04000 1661       1       org.codehaus.groovy.runtime.metaclass.NewInstanceMetaMethod::isStatic (2 bytes)
Event: 34.442 Thread 0x0000000014f04000 nmethod 1661 0x0000000002d45a50 code [0x0000000002d45ba0, 0x0000000002d45cb0]
Event: 34.442 Thread 0x0000000014f04000 1662       1       org.codehaus.groovy.runtime.metaclass.MetaClassRegistryImpl::access$400 (5 bytes)
Event: 34.442 Thread 0x0000000014f04000 nmethod 1662 0x0000000002d45790 code [0x0000000002d458e0, 0x0000000002d459d0]
Event: 34.442 Thread 0x0000000014f04000 1663       3       java.util.ArrayList::toArray (60 bytes)
Event: 34.443 Thread 0x0000000014f04000 nmethod 1663 0x0000000002d44f10 code [0x0000000002d450a0, 0x0000000002d45658]
Event: 34.480 Thread 0x0000000014f04000 1664       1       java.util.logging.Logger::getName (5 bytes)
Event: 34.481 Thread 0x0000000014f04000 nmethod 1664 0x0000000002d44c50 code [0x0000000002d44da0, 0x0000000002d44eb0]

GC Heap History (10 events):
Event: 12.280 GC heap after
Heap after GC invocations=1 (full 0):
 PSYoungGen      total 38400K, used 4012K [0x00000000eab00000, 0x00000000ed580000, 0x0000000100000000)
  eden space 33280K, 0% used [0x00000000eab00000,0x00000000eab00000,0x00000000ecb80000)
  from space 5120K, 78% used [0x00000000ecb80000,0x00000000ecf6b378,0x00000000ed080000)
  to   space 5120K, 0% used [0x00000000ed080000,0x00000000ed080000,0x00000000ed580000)
 ParOldGen       total 87552K, used 8K [0x00000000c0000000, 0x00000000c5580000, 0x00000000eab00000)
  object space 87552K, 0% used [0x00000000c0000000,0x00000000c0002000,0x00000000c5580000)
 Metaspace       used 6579K, capacity 6704K, committed 6784K, reserved 1056768K
  class space    used 823K, capacity 876K, committed 896K, reserved 1048576K
}
Event: 28.824 GC heap before
{Heap before GC invocations=2 (full 0):
 PSYoungGen      total 38400K, used 37292K [0x00000000eab00000, 0x00000000ed580000, 0x0000000100000000)
  eden space 33280K, 100% used [0x00000000eab00000,0x00000000ecb80000,0x00000000ecb80000)
  from space 5120K, 78% used [0x00000000ecb80000,0x00000000ecf6b378,0x00000000ed080000)
  to   space 5120K, 0% used [0x00000000ed080000,0x00000000ed080000,0x00000000ed580000)
 ParOldGen       total 87552K, used 8K [0x00000000c0000000, 0x00000000c5580000, 0x00000000eab00000)
  object space 87552K, 0% used [0x00000000c0000000,0x00000000c0002000,0x00000000c5580000)
 Metaspace       used 9440K, capacity 9694K, committed 9984K, reserved 1058816K
  class space    used 1303K, capacity 1421K, committed 1536K, reserved 1048576K
Event: 28.835 GC heap after
Heap after GC invocations=2 (full 0):
 PSYoungGen      total 38400K, used 4963K [0x00000000eab00000, 0x00000000ed580000, 0x0000000100000000)
  eden space 33280K, 0% used [0x00000000eab00000,0x00000000eab00000,0x00000000ecb80000)
  from space 5120K, 96% used [0x00000000ed080000,0x00000000ed558d80,0x00000000ed580000)
  to   space 5120K, 0% used [0x00000000ecb80000,0x00000000ecb80000,0x00000000ed080000)
 ParOldGen       total 87552K, used 16K [0x00000000c0000000, 0x00000000c5580000, 0x00000000eab00000)
  object space 87552K, 0% used [0x00000000c0000000,0x00000000c0004000,0x00000000c5580000)
 Metaspace       used 9440K, capacity 9694K, committed 9984K, reserved 1058816K
  class space    used 1303K, capacity 1421K, committed 1536K, reserved 1048576K
}
Event: 32.275 GC heap before
{Heap before GC invocations=3 (full 0):
 PSYoungGen      total 38400K, used 38243K [0x00000000eab00000, 0x00000000ed580000, 0x0000000100000000)
  eden space 33280K, 100% used [0x00000000eab00000,0x00000000ecb80000,0x00000000ecb80000)
  from space 5120K, 96% used [0x00000000ed080000,0x00000000ed558d80,0x00000000ed580000)
  to   space 5120K, 0% used [0x00000000ecb80000,0x00000000ecb80000,0x00000000ed080000)
 ParOldGen       total 87552K, used 16K [0x00000000c0000000, 0x00000000c5580000, 0x00000000eab00000)
  object space 87552K, 0% used [0x00000000c0000000,0x00000000c0004000,0x00000000c5580000)
 Metaspace       used 13386K, capacity 13722K, committed 13952K, reserved 1060864K
  class space    used 1940K, capacity 2065K, committed 2176K, reserved 1048576K
Event: 32.284 GC heap after
Heap after GC invocations=3 (full 0):
 PSYoungGen      total 38400K, used 5111K [0x00000000eab00000, 0x00000000ed580000, 0x0000000100000000)
  eden space 33280K, 0% used [0x00000000eab00000,0x00000000eab00000,0x00000000ecb80000)
  from space 5120K, 99% used [0x00000000ecb80000,0x00000000ed07dce8,0x00000000ed080000)
  to   space 5120K, 0% used [0x00000000ed080000,0x00000000ed080000,0x00000000ed580000)
 ParOldGen       total 87552K, used 1912K [0x00000000c0000000, 0x00000000c5580000, 0x00000000eab00000)
  object space 87552K, 2% used [0x00000000c0000000,0x00000000c01de308,0x00000000c5580000)
 Metaspace       used 13386K, capacity 13722K, committed 13952K, reserved 1060864K
  class space    used 1940K, capacity 2065K, committed 2176K, reserved 1048576K
}
Event: 33.263 GC heap before
{Heap before GC invocations=4 (full 0):
 PSYoungGen      total 38400K, used 38391K [0x00000000eab00000, 0x00000000ed580000, 0x0000000100000000)
  eden space 33280K, 100% used [0x00000000eab00000,0x00000000ecb80000,0x00000000ecb80000)
  from space 5120K, 99% used [0x00000000ecb80000,0x00000000ed07dce8,0x00000000ed080000)
  to   space 5120K, 0% used [0x00000000ed080000,0x00000000ed080000,0x00000000ed580000)
 ParOldGen       total 87552K, used 1912K [0x00000000c0000000, 0x00000000c5580000, 0x00000000eab00000)
  object space 87552K, 2% used [0x00000000c0000000,0x00000000c01de308,0x00000000c5580000)
 Metaspace       used 16521K, capacity 16808K, committed 17024K, reserved 1062912K
  class space    used 2448K, capacity 2586K, committed 2688K, reserved 1048576K
Event: 33.276 GC heap after
Heap after GC invocations=4 (full 0):
 PSYoungGen      total 38400K, used 5088K [0x00000000eab00000, 0x00000000ed580000, 0x0000000100000000)
  eden space 33280K, 0% used [0x00000000eab00000,0x00000000eab00000,0x00000000ecb80000)
  from space 5120K, 99% used [0x00000000ed080000,0x00000000ed578040,0x00000000ed580000)
  to   space 5120K, 0% used [0x00000000ecb80000,0x00000000ecb80000,0x00000000ed080000)
 ParOldGen       total 87552K, used 4982K [0x00000000c0000000, 0x00000000c5580000, 0x00000000eab00000)
  object space 87552K, 5% used [0x00000000c0000000,0x00000000c04dd998,0x00000000c5580000)
 Metaspace       used 16521K, capacity 16808K, committed 17024K, reserved 1062912K
  class space    used 2448K, capacity 2586K, committed 2688K, reserved 1048576K
}
Event: 34.482 GC heap before
{Heap before GC invocations=5 (full 0):
 PSYoungGen      total 38400K, used 29248K [0x00000000eab00000, 0x00000000ed580000, 0x0000000100000000)
  eden space 33280K, 72% used [0x00000000eab00000,0x00000000ec298010,0x00000000ecb80000)
  from space 5120K, 99% used [0x00000000ed080000,0x00000000ed578040,0x00000000ed580000)
  to   space 5120K, 0% used [0x00000000ecb80000,0x00000000ecb80000,0x00000000ed080000)
 ParOldGen       total 87552K, used 4982K [0x00000000c0000000, 0x00000000c5580000, 0x00000000eab00000)
  object space 87552K, 5% used [0x00000000c0000000,0x00000000c04dd998,0x00000000c5580000)
 Metaspace       used 20897K, capacity 21166K, committed 21296K, reserved 1067008K
  class space    used 2990K, capacity 3099K, committed 3120K, reserved 1048576K
Event: 34.494 GC heap after
Heap after GC invocations=5 (full 0):
 PSYoungGen      total 37888K, used 5092K [0x00000000eab00000, 0x00000000ee000000, 0x0000000100000000)
  eden space 32768K, 0% used [0x00000000eab00000,0x00000000eab00000,0x00000000ecb00000)
  from space 5120K, 99% used [0x00000000ecb80000,0x00000000ed079050,0x00000000ed080000)
  to   space 10752K, 0% used [0x00000000ed580000,0x00000000ed580000,0x00000000ee000000)
 ParOldGen       total 87552K, used 8611K [0x00000000c0000000, 0x00000000c5580000, 0x00000000eab00000)
  object space 87552K, 9% used [0x00000000c0000000,0x00000000c0868ed8,0x00000000c5580000)
 Metaspace       used 20897K, capacity 21166K, committed 21296K, reserved 1067008K
  class space    used 2990K, capacity 3099K, committed 3120K, reserved 1048576K
}
Event: 34.494 GC heap before
{Heap before GC invocations=6 (full 1):
 PSYoungGen      total 37888K, used 5092K [0x00000000eab00000, 0x00000000ee000000, 0x0000000100000000)
  eden space 32768K, 0% used [0x00000000eab00000,0x00000000eab00000,0x00000000ecb00000)
  from space 5120K, 99% used [0x00000000ecb80000,0x00000000ed079050,0x00000000ed080000)
  to   space 10752K, 0% used [0x00000000ed580000,0x00000000ed580000,0x00000000ee000000)
 ParOldGen       total 87552K, used 8611K [0x00000000c0000000, 0x00000000c5580000, 0x00000000eab00000)
  object space 87552K, 9% used [0x00000000c0000000,0x00000000c0868ed8,0x00000000c5580000)
 Metaspace       used 20897K, capacity 21166K, committed 21296K, reserved 1067008K
  class space    used 2990K, capacity 3099K, committed 3120K, reserved 1048576K

Deoptimization events (10 events):
Event: 31.833 Thread 0x0000000017eba000 Uncommon trap: reason=bimorphic action=maybe_recompile pc=0x0000000002ac11e0 method=java.util.HashMap.putVal(ILjava/lang/Object;Ljava/lang/Object;ZZ)Ljava/lang/Object; @ 253
Event: 32.345 Thread 0x0000000017eba000 Uncommon trap: reason=class_check action=maybe_recompile pc=0x0000000002aedb18 method=java.util.regex.Matcher.match(II)Z @ 86
Event: 32.374 Thread 0x0000000017eba000 Uncommon trap: reason=class_check action=maybe_recompile pc=0x0000000002aedb18 method=java.util.regex.Matcher.match(II)Z @ 86
Event: 32.375 Thread 0x0000000017eba000 Uncommon trap: reason=class_check action=maybe_recompile pc=0x0000000002aedb18 method=java.util.regex.Matcher.match(II)Z @ 86
Event: 32.376 Thread 0x0000000017eba000 Uncommon trap: reason=class_check action=maybe_recompile pc=0x0000000002aa309c method=java.util.regex.Matcher.match(II)Z @ 86
Event: 32.660 Thread 0x0000000017eba000 Uncommon trap: reason=unstable_if action=reinterpret pc=0x0000000002c4e8f4 method=java.lang.String.lastIndexOf([CII[CIII)I @ 66
Event: 33.322 Thread 0x0000000017eba000 Uncommon trap: reason=unstable_if action=reinterpret pc=0x000000000297f508 method=java.net.URI.match(CJJ)Z @ 19
Event: 33.322 Thread 0x0000000017eba000 Uncommon trap: reason=unstable_if action=reinterpret pc=0x0000000002a7b9c0 method=java.net.URI.match(CJJ)Z @ 19
Event: 33.322 Thread 0x0000000017eba000 Uncommon trap: reason=unstable_if action=reinterpret pc=0x0000000002983908 method=java.net.URI.match(CJJ)Z @ 19
Event: 33.458 Thread 0x0000000017eba000 Uncommon trap: reason=unstable_if action=reinterpret pc=0x0000000002aecbd8 method=java.io.File.getName()Ljava/lang/String; @ 16

Classes redefined (0 events):
No events

Internal exceptions (10 events):
Event: 1.856 Thread 0x000000000281e800 Exception <a 'java/lang/ArrayIndexOutOfBoundsException'> (0x00000000eba33138) thrown at [C:\re\workspace\8-2-build-windows-amd64-cygwin\jdk8u201\12322\hotspot\src\share\vm\runtime\sharedRuntime.cpp, line 605]
Event: 1.859 Thread 0x000000000281e800 Exception <a 'java/lang/ArrayIndexOutOfBoundsException'> (0x00000000eba468c8) thrown at [C:\re\workspace\8-2-build-windows-amd64-cygwin\jdk8u201\12322\hotspot\src\share\vm\runtime\sharedRuntime.cpp, line 605]
Event: 1.860 Thread 0x000000000281e800 Exception <a 'java/lang/ArrayIndexOutOfBoundsException'> (0x00000000eba52da8) thrown at [C:\re\workspace\8-2-build-windows-amd64-cygwin\jdk8u201\12322\hotspot\src\share\vm\runtime\sharedRuntime.cpp, line 605]
Event: 1.860 Thread 0x000000000281e800 Exception <a 'java/lang/ArrayIndexOutOfBoundsException'> (0x00000000eba551e0) thrown at [C:\re\workspace\8-2-build-windows-amd64-cygwin\jdk8u201\12322\hotspot\src\share\vm\runtime\sharedRuntime.cpp, line 605]
Event: 1.861 Thread 0x000000000281e800 Exception <a 'java/lang/ArrayIndexOutOfBoundsException'> (0x00000000eba62a18) thrown at [C:\re\workspace\8-2-build-windows-amd64-cygwin\jdk8u201\12322\hotspot\src\share\vm\runtime\sharedRuntime.cpp, line 605]
Event: 1.862 Thread 0x000000000281e800 Exception <a 'java/lang/ArrayIndexOutOfBoundsException'> (0x00000000eba6dd68) thrown at [C:\re\workspace\8-2-build-windows-amd64-cygwin\jdk8u201\12322\hotspot\src\share\vm\runtime\sharedRuntime.cpp, line 605]
Event: 1.862 Thread 0x000000000281e800 Exception <a 'java/lang/ArrayIndexOutOfBoundsException'> (0x00000000eba6f968) thrown at [C:\re\workspace\8-2-build-windows-amd64-cygwin\jdk8u201\12322\hotspot\src\share\vm\runtime\sharedRuntime.cpp, line 605]
Event: 28.700 Thread 0x000000000281e800 Exception <a 'java/lang/NoSuchFieldError': method resolution failed> (0x00000000ec723108) thrown at [C:\re\workspace\8-2-build-windows-amd64-cygwin\jdk8u201\12322\hotspot\src\share\vm\prims\methodHandles.cpp, line 1167]
Event: 28.703 Thread 0x000000000281e800 Exception <a 'java/lang/NoSuchFieldError': method resolution failed> (0x00000000ec730da8) thrown at [C:\re\workspace\8-2-build-windows-amd64-cygwin\jdk8u201\12322\hotspot\src\share\vm\prims\methodHandles.cpp, line 1167]
Event: 31.466 Thread 0x000000000281e800 Exception <a 'java/io/IOException'> (0x00000000eaeb4500) thrown at [C:\re\workspace\8-2-build-windows-amd64-cygwin\jdk8u201\12322\hotspot\src\share\vm\prims\jni.cpp, line 709]

Events (10 events):
Event: 34.474 loading class org/codehaus/groovy/runtime/metaclass/ClosureMetaMethod done
Event: 34.477 loading class groovy/lang/ClosureInvokingMethod
Event: 34.477 loading class groovy/lang/ClosureInvokingMethod done
Event: 34.478 loading class org/codehaus/groovy/runtime/MetaClassHelper
Event: 34.478 loading class org/codehaus/groovy/runtime/MetaClassHelper done
Event: 34.481 loading class org/codehaus/groovy/runtime/metaclass/ClosureStaticMetaMethod
Event: 34.481 loading class org/codehaus/groovy/runtime/metaclass/ClosureStaticMetaMethod done
Event: 34.481 loading class org/codehaus/groovy/runtime/metaclass/ClosureMetaMethod$AnonymousMetaMethod
Event: 34.481 loading class org/codehaus/groovy/runtime/metaclass/ClosureMetaMethod$AnonymousMetaMethod done
Event: 34.482 Executing VM operation: CollectForMetadataAllocation


Dynamic libraries:
0x00007ff6cd9b0000 - 0x00007ff6cd9e7000 	C:\Program Files\Java\jdk1.8.0_201\bin\java.exe
0x00007ffbb0300000 - 0x00007ffbb04e1000 	C:\WINDOWS\SYSTEM32\ntdll.dll
0x00007ffbae080000 - 0x00007ffbae132000 	C:\WINDOWS\System32\KERNEL32.DLL
0x00007ffbacd00000 - 0x00007ffbacf73000 	C:\WINDOWS\System32\KERNELBASE.dll
0x00007ffbadfd0000 - 0x00007ffbae071000 	C:\WINDOWS\System32\ADVAPI32.dll
0x00007ffbaedf0000 - 0x00007ffbaee8e000 	C:\WINDOWS\System32\msvcrt.dll
0x00007ffbad990000 - 0x00007ffbad9eb000 	C:\WINDOWS\System32\sechost.dll
0x00007ffbae650000 - 0x00007ffbae774000 	C:\WINDOWS\System32\RPCRT4.dll
0x00007ffbad9f0000 - 0x00007ffbadb80000 	C:\WINDOWS\System32\USER32.dll
0x00007ffbaca90000 - 0x00007ffbacab0000 	C:\WINDOWS\System32\win32u.dll
0x00007ffbae3f0000 - 0x00007ffbae418000 	C:\WINDOWS\System32\GDI32.dll
0x00007ffbacb60000 - 0x00007ffbaccf2000 	C:\WINDOWS\System32\gdi32full.dll
0x00007ffbac6d0000 - 0x00007ffbac76f000 	C:\WINDOWS\System32\msvcp_win.dll
0x00007ffbacf80000 - 0x00007ffbad07a000 	C:\WINDOWS\System32\ucrtbase.dll
0x00007ffb9f210000 - 0x00007ffb9f479000 	C:\WINDOWS\WinSxS\amd64_microsoft.windows.common-controls_6595b64144ccf1df_6.0.17134.472_none_fb3f9af53068156d\COMCTL32.dll
0x00007ffbaeac0000 - 0x00007ffbaede2000 	C:\WINDOWS\System32\combase.dll
0x00007ffbac7c0000 - 0x00007ffbac83a000 	C:\WINDOWS\System32\bcryptPrimitives.dll
0x00007ffbae350000 - 0x00007ffbae37d000 	C:\WINDOWS\System32\IMM32.DLL
0x0000000056f30000 - 0x0000000057001000 	C:\Program Files\Java\jdk1.8.0_201\jre\bin\msvcr100.dll
0x0000000056680000 - 0x0000000056f24000 	C:\Program Files\Java\jdk1.8.0_201\jre\bin\server\jvm.dll
0x00007ffbae140000 - 0x00007ffbae148000 	C:\WINDOWS\System32\PSAPI.DLL
0x00007ffba88b0000 - 0x00007ffba88d3000 	C:\WINDOWS\SYSTEM32\WINMM.dll
0x00007ffba1650000 - 0x00007ffba165a000 	C:\WINDOWS\SYSTEM32\VERSION.dll
0x00007ffba8880000 - 0x00007ffba88aa000 	C:\WINDOWS\SYSTEM32\WINMMBASE.dll
0x00007ffbac770000 - 0x00007ffbac7b9000 	C:\WINDOWS\System32\cfgmgr32.dll
0x00007ffb9d250000 - 0x00007ffb9d259000 	C:\WINDOWS\SYSTEM32\WSOCK32.dll
0x00007ffbae420000 - 0x00007ffbae48c000 	C:\WINDOWS\System32\WS2_32.dll
0x00007ffb9e190000 - 0x00007ffb9e19f000 	C:\Program Files\Java\jdk1.8.0_201\jre\bin\verify.dll
0x00007ffb89d90000 - 0x00007ffb89db9000 	C:\Program Files\Java\jdk1.8.0_201\jre\bin\java.dll
0x00007ffb89d70000 - 0x00007ffb89d86000 	C:\Program Files\Java\jdk1.8.0_201\jre\bin\zip.dll
0x00007ffbaee90000 - 0x00007ffbb02d0000 	C:\WINDOWS\System32\SHELL32.dll
0x00007ffbaea10000 - 0x00007ffbaeab9000 	C:\WINDOWS\System32\shcore.dll
0x00007ffbad080000 - 0x00007ffbad78d000 	C:\WINDOWS\System32\windows.storage.dll
0x00007ffbad790000 - 0x00007ffbad7e1000 	C:\WINDOWS\System32\shlwapi.dll
0x00007ffbac6b0000 - 0x00007ffbac6c1000 	C:\WINDOWS\System32\kernel.appcore.dll
0x00007ffbac690000 - 0x00007ffbac6af000 	C:\WINDOWS\System32\profapi.dll
0x00007ffbac640000 - 0x00007ffbac68c000 	C:\WINDOWS\System32\powrprof.dll
0x00007ffbac630000 - 0x00007ffbac63a000 	C:\WINDOWS\System32\FLTLIB.DLL
0x00007ffb89430000 - 0x00007ffb8944a000 	C:\Program Files\Java\jdk1.8.0_201\jre\bin\net.dll
0x00007ffb9e650000 - 0x00007ffb9e818000 	C:\WINDOWS\SYSTEM32\urlmon.dll
0x00007ffb9e3a0000 - 0x00007ffb9e645000 	C:\WINDOWS\SYSTEM32\iertutil.dll
0x00007ffbabfa0000 - 0x00007ffbabfab000 	C:\WINDOWS\SYSTEM32\CRYPTBASE.DLL
0x00007ffbabe40000 - 0x00007ffbabea6000 	C:\WINDOWS\system32\mswsock.dll
0x00007ffb89410000 - 0x00007ffb89421000 	C:\Program Files\Java\jdk1.8.0_201\jre\bin\nio.dll
0x00007ffb8ba30000 - 0x00007ffb8ba4e000 	C:\Users\FAHAD\.gradle\native\25\windows-amd64\native-platform.dll
0x00007ffb98b40000 - 0x00007ffb98b4d000 	C:\Program Files\Java\jdk1.8.0_201\jre\bin\management.dll
0x00007ffbac050000 - 0x00007ffbac067000 	C:\WINDOWS\SYSTEM32\CRYPTSP.dll
0x00007ffbaba30000 - 0x00007ffbaba63000 	C:\WINDOWS\system32\rsaenh.dll
0x00007ffbac170000 - 0x00007ffbac195000 	C:\WINDOWS\SYSTEM32\bcrypt.dll
0x00007ffbac540000 - 0x00007ffbac568000 	C:\WINDOWS\SYSTEM32\USERENV.dll
0x00007ffbabbd0000 - 0x00007ffbabc08000 	C:\WINDOWS\SYSTEM32\IPHLPAPI.DLL
0x00007ffbae380000 - 0x00007ffbae388000 	C:\WINDOWS\System32\NSI.dll
0x00007ffba3380000 - 0x00007ffba3396000 	C:\WINDOWS\SYSTEM32\dhcpcsvc6.DLL
0x00007ffba3360000 - 0x00007ffba337a000 	C:\WINDOWS\SYSTEM32\dhcpcsvc.DLL
0x00007ffbaafd0000 - 0x00007ffbab199000 	C:\WINDOWS\SYSTEM32\dbghelp.dll

VM Arguments:
jvm_args: -XX:+HeapDumpOnOutOfMemoryError -Xmx1024m -Dfile.encoding=windows-1252 -Duser.country=US -Duser.language=en -Duser.variant 
java_command: org.gradle.launcher.daemon.bootstrap.GradleDaemon 4.10.1
java_class_path (initial): C:\Users\FAHAD\.gradle\wrapper\dists\gradle-4.10.1-all\455itskqi2qtf0v2sja68alqd\gradle-4.10.1\lib\gradle-launcher-4.10.1.jar
Launcher Type: SUN_STANDARD

Environment Variables:
CLASSPATH=D:\OA\project\quizapp\android\\gradle\wrapper\gradle-wrapper.jar
PATH=C:\Program Files\Git\mingw64\bin;C:\Program Files\Git\usr\bin;C:\Users\FAHAD\bin;C:\Program Files\Docker\Docker\Resources\bin;C:\Program Files (x86)\Common Files\Oracle\Java\javapath;C:\ProgramData\Oracle\Java\javapath;C:\WINDOWS\system32;C:\WINDOWS;C:\WINDOWS\System32\Wbem;C:\WINDOWS\System32\WindowsPowerShell\v1.0;C:\WINDOWS\System32\OpenSSH;C:\wamp64\bin\php\php7.2.4;C:\ProgramData\ComposerSetup\bin;C:\Program Files\nodejs;C:\Program Files\Git\cmd;C:\Program Files (x86)\Yarn\bin;C:\Program Files\Java\jdk1.8.0_201;C:\adb\platform-tools_r28.0.1-windows\platform-tools;C:\Users\FAHAD\AppData\Local\Yarn\bin;C:\Users\FAHAD\AppData\Local\Programs\Microsoft VS Code\bin;C:\Users\FAHAD\AppData\Roaming\Composer\vendor\bin;C:\Users\FAHAD\AppData\Local\Android\Sdk\platform-tools
USERNAME=FAHAD
OS=Windows_NT
PROCESSOR_IDENTIFIER=Intel64 Family 6 Model 69 Stepping 1, GenuineIntel



---------------  S Y S T E M  ---------------

OS: Windows 10.0 , 64 bit Build 17134 (10.0.17134.1)

CPU:total 4 (initial active 4) (2 cores per cpu, 2 threads per core) family 6 model 69 stepping 1, cmov, cx8, fxsr, mmx, sse, sse2, sse3, ssse3, sse4.1, sse4.2, popcnt, avx, avx2, aes, clmul, erms, lzcnt, ht, tsc, tscinvbit, bmi1, bmi2

Memory: 4k page, physical 8269092k(1691192k free), swap 12987684k(2783172k free)

vm_info: Java HotSpot(TM) 64-Bit Server VM (25.201-b09) for windows-amd64 JRE (1.8.0_201-b09), built on Dec 15 2018 18:36:39 by "java_re" with MS VC++ 10.0 (VS2010)

time: Sun Mar 10 15:23:04 2019
timezone: Bangladesh Standard Time
elapsed time: 34 seconds (0d 0h 0m 34s)

